<?xml version="1.0" encoding="UTF-8"?>
<testsuite name="service.StackServiceTest" tests="15" skipped="0" failures="0" errors="0" timestamp="2018-10-01T13:32:41" hostname="QZHAO-MAC" time="0.027">
  <properties/>
  <testcase name="shouldCalculateMultiplicationOperator" classname="service.StackServiceTest" time="0.017"/>
  <testcase name="testExample4" classname="service.StackServiceTest" time="0.001"/>
  <testcase name="testExample5" classname="service.StackServiceTest" time="0.001"/>
  <testcase name="testExample6" classname="service.StackServiceTest" time="0.001"/>
  <testcase name="testExample7" classname="service.StackServiceTest" time="0.0"/>
  <testcase name="testExample8" classname="service.StackServiceTest" time="0.003"/>
  <testcase name="shouldDisplayWarningWhenMissingSufficientParameters" classname="service.StackServiceTest" time="0.0"/>
  <testcase name="shouldBeAbleToUndoLastOperation" classname="service.StackServiceTest" time="0.0"/>
  <testcase name="shouldCalculateAdditionOperator" classname="service.StackServiceTest" time="0.0"/>
  <testcase name="shouldCalculateDivisionOperator" classname="service.StackServiceTest" time="0.0"/>
  <testcase name="shouldThrowExceptionWhenInputIsNotANumberOrOperator" classname="service.StackServiceTest" time="0.0"/>
  <testcase name="shouldCalculateSqrtOperator" classname="service.StackServiceTest" time="0.001"/>
  <testcase name="shouldPushToRepoOperandToStack" classname="service.StackServiceTest" time="0.0"/>
  <testcase name="shouldCalculateSubtractionOperator" classname="service.StackServiceTest" time="0.0"/>
  <testcase name="shouldBeAbleToClearStack" classname="service.StackServiceTest" time="0.0"/>
  <system-out><![CDATA[]]></system-out>
  <system-err><![CDATA[]]></system-err>
</testsuite>
